<?xml version="1.0" encoding="utf-8" standalone="no"?>
<!--This file represents the results of running a test suite-->
<test-results name="D:\Documents\GitHub\smlimitless\SMLimitless\SMLTests\bin\x86\Debug\SMLTests.exe" total="7" errors="0" failures="0" not-run="0" inconclusive="0" ignored="0" skipped="0" invalid="0" date="2013-10-11" time="12:20:35">
  <environment nunit-version="2.6.2.12296" clr-version="2.0.50727.4241" os-version="Microsoft Windows NT 6.0.6002 Service Pack 2" platform="Win32NT" cwd="C:\Program Files\NUnit 2.6.2\bin" machine-name="ASPIRE-4400" user="Chris" user-domain="Aspire-4400" />
  <culture-info current-culture="en-US" current-uiculture="en-US" />
  <test-suite type="Assembly" name="D:\Documents\GitHub\smlimitless\SMLimitless\SMLTests\bin\x86\Debug\SMLTests.exe" executed="True" result="Success" success="True" time="0.295" asserts="0">
    <results>
      <test-suite type="Namespace" name="SMLTests" executed="True" result="Success" success="True" time="0.282" asserts="0">
        <results>
          <test-suite type="TestFixture" name="GeneralTests" executed="True" result="Success" success="True" time="0.090" asserts="0">
            <results>
              <test-case name="SMLTests.GeneralTests.AnotherBasicTest" executed="True" result="Success" success="True" time="0.027" asserts="1" />
              <test-case name="SMLTests.GeneralTests.MostBasicTest" executed="True" result="Success" success="True" time="0.003" asserts="1" />
            </results>
          </test-suite>
          <test-suite type="Namespace" name="Tests" executed="True" result="Success" success="True" time="0.176" asserts="0">
            <results>
              <test-suite type="TestFixture" name="GridTests" executed="True" result="Success" success="True" time="0.175" asserts="0">
                <results>
                  <test-case name="SMLTests.Tests.GridTests.SizedGridAddItemTest" executed="True" result="Success" success="True" time="0.134" asserts="1" />
                  <test-case name="SMLTests.Tests.GridTests.SizedGridAddLargeItemTest" executed="True" result="Success" success="True" time="0.001" asserts="1" />
                  <test-case name="SMLTests.Tests.GridTests.SizedGridOverwriteAddItem" executed="True" result="Success" success="True" time="0.002" asserts="1" />
                  <test-case name="SMLTests.Tests.GridTests.SizedGridRemoveItemTest" executed="True" result="Success" success="True" time="0.000" asserts="1" />
                  <test-case name="SMLTests.Tests.GridTests.SubgridConstructionTest" executed="True" result="Success" success="True" time="0.004" asserts="1" />
                </results>
              </test-suite>
            </results>
          </test-suite>
        </results>
      </test-suite>
    </results>
  </test-suite>
</test-results>